[INFO] : Starting SimplyFlyApplication using Java 21.0.6 with PID 4884 (C:\Users\RAVI\Desktop\Java Full Stack\Java Angular\CaseStudy Project\SimplyFly\target\classes started by RAVI in C:\Users\RAVI\Desktop\Java Full Stack\Java Angular\CaseStudy Project\SimplyFly)
[INFO] : No active profile set, falling back to 1 default profile: "default"
[INFO] : Bootstrapping Spring Data JPA repositories in DEFAULT mode.
[INFO] : Finished Spring Data repository scanning in 78 ms. Found 8 JPA repository interfaces.
[INFO] : Tomcat initialized with port 8080 (http)
[INFO] : Starting service [Tomcat]
[INFO] : Starting Servlet engine: [Apache Tomcat/10.1.40]
[INFO] : Initializing Spring embedded WebApplicationContext
[INFO] : Root WebApplicationContext: initialization completed in 2017 ms
[INFO] : HHH000204: Processing PersistenceUnitInfo [name: default]
[INFO] : HHH000412: Hibernate ORM core version 6.5.3.Final
[INFO] : HHH000026: Second-level cache disabled
[INFO] : No LoadTimeWeaver setup: ignoring JPA class transformer
[INFO] : HikariPool-1 - Starting...
[INFO] : HikariPool-1 - Added connection com.mysql.cj.jdbc.ConnectionImpl@5158a9f7
[INFO] : HikariPool-1 - Start completed.
[WARN] : HHH90000025: MySQLDialect does not need to be specified explicitly using 'hibernate.dialect' (remove the property setting and it will be selected by default)
[INFO] : HHH000489: No JTA platform available (set 'hibernate.transaction.jta.platform' to enable JTA platform integration)
[INFO] : Initialized JPA EntityManagerFactory for persistence unit 'default'
[INFO] : Hibernate is in classpath; If applicable, HQL parser will be used.
[WARN] : spring.jpa.open-in-view is enabled by default. Therefore, database queries may be performed during view rendering. Explicitly configure spring.jpa.open-in-view to disable this warning
[INFO] : Tomcat started on port 8080 (http) with context path '/'
[INFO] : Started SimplyFlyApplication in 6.568 seconds (process running for 7.32)
[WARN] : HikariPool-1 - Thread starvation or clock leap detected (housekeeper delta=1h7m45s937ms403µs200ns).
[WARN] : HikariPool-1 - Thread starvation or clock leap detected (housekeeper delta=1h50m47s502ms978µs200ns).
[INFO] : Application shutdown requested.
[INFO] : Closing JPA EntityManagerFactory for persistence unit 'default'
[INFO] : HikariPool-1 - Shutdown initiated...
[INFO] : HikariPool-1 - Shutdown completed.
